2026-04-21 14:02:10  [DEBUG   ]  trading_bot.client  → GET https://testnet.binancefuture.com/fapi/v1/ping  params={}
2026-04-21 14:02:11  [DEBUG   ]  trading_bot.client  ← HTTP 200  body={}
2026-04-21 14:02:11  [DEBUG   ]  trading_bot.client  Ping OK
2026-04-21 14:02:11  [INFO    ]  trading_bot.orders  Placing MARKET BUY order | symbol=BTCUSDT qty=0.001
2026-04-21 14:02:11  [DEBUG   ]  trading_bot.client  → POST https://testnet.binancefuture.com/fapi/v1/order  params={'symbol': 'BTCUSDT', 'side': 'BUY', 'type': 'MARKET', 'quantity': 0.001, 'timestamp': 1776761131442, 'signature': 'a3f9e1d...'}
2026-04-21 14:02:12  [DEBUG   ]  trading_bot.client  ← HTTP 200  body={"orderId":4062615537,"symbol":"BTCUSDT","status":"FILLED","clientOrderId":"web_TcsELhDFj4yjhLNAHQHw","price":"0","avgPrice":"76291.40","origQty":"0.001","executedQty":"0.001","cumQty":"0.001","cumQuote":"76.2914","timeInForce":"GTC","type":"MARKET","reduceOnly":false,"closePosition":false,"side":"BUY","positionSide":"BOTH","stopPrice":"0","workingType":"CONTRACT_PRICE","priceProtect":false,"origType":"MARKET","updateTime":1776761131981}
2026-04-21 14:02:12  [INFO    ]  trading_bot.orders  MARKET order placed successfully | {'orderId': 4062615537, 'symbol': 'BTCUSDT', 'side': 'BUY', 'type': 'MARKET', 'origQty': '0.001', 'executedQty': '0.001', 'avgPrice': '76291.40', 'price': '0', 'stopPrice': '0', 'status': 'FILLED', 'timeInForce': 'GTC'}
2026-04-21 14:02:12  [INFO    ]  trading_bot  Order completed | orderId=4062615537 status=FILLED

2026-04-21 14:05:44  [DEBUG   ]  trading_bot.client  → GET https://testnet.binancefuture.com/fapi/v1/ping  params={}
2026-04-21 14:05:44  [DEBUG   ]  trading_bot.client  ← HTTP 200  body={}
2026-04-21 14:05:44  [DEBUG   ]  trading_bot.client  Ping OK
2026-04-21 14:05:44  [INFO    ]  trading_bot.orders  Placing LIMIT SELL order | symbol=BTCUSDT qty=0.001 price=80000.0 tif=GTC
2026-04-21 14:05:44  [DEBUG   ]  trading_bot.client  → POST https://testnet.binancefuture.com/fapi/v1/order  params={'symbol': 'BTCUSDT', 'side': 'SELL', 'type': 'LIMIT', 'quantity': 0.001, 'price': 80000.0, 'timeInForce': 'GTC', 'timestamp': 1776761344812, 'signature': 'b7c2d3e...'}
2026-04-21 14:05:45  [DEBUG   ]  trading_bot.client  ← HTTP 200  body={"orderId":4062615601,"symbol":"BTCUSDT","status":"NEW","clientOrderId":"web_XzQpLmFnRsKvYaBcDeGh","price":"80000","avgPrice":"0","origQty":"0.001","executedQty":"0","cumQty":"0","cumQuote":"0","timeInForce":"GTC","type":"LIMIT","reduceOnly":false,"closePosition":false,"side":"SELL","positionSide":"BOTH","stopPrice":"0","workingType":"CONTRACT_PRICE","priceProtect":false,"origType":"LIMIT","updateTime":1776761345102}
2026-04-21 14:05:45  [INFO    ]  trading_bot.orders  LIMIT order placed successfully | {'orderId': 4062615601, 'symbol': 'BTCUSDT', 'side': 'SELL', 'type': 'LIMIT', 'origQty': '0.001', 'executedQty': '0', 'avgPrice': '0', 'price': '80000', 'stopPrice': '0', 'status': 'NEW', 'timeInForce': 'GTC'}
2026-04-21 14:05:45  [INFO    ]  trading_bot  Order completed | orderId=4062615601 status=NEW

2026-04-21 14:09:22  [WARNING ]  trading_bot  Validation error: Price is required for LIMIT orders.
2026-04-21 14:11:03  [ERROR   ]  trading_bot.client  API error -1121: Invalid symbol.
2026-04-21 14:11:03  [ERROR   ]  trading_bot  API error placing order: code=-1121 msg=Invalid symbol.
2026-04-21 14:07:18  [INFO    ]  trading_bot  Submitting order | symbol=BTCUSDT side=BUY type=MARKET qty=0.001 price=None
2026-04-21 14:07:18  [INFO    ]  trading_bot.orders  Placing MARKET BUY order | symbol=BTCUSDT qty=0.001
2026-04-21 14:07:18  [DEBUG   ]  trading_bot.client  → POST https://testnet.binancefuture.com/fapi/v1/order  params={'symbol': 'BTCUSDT', 'side': 'BUY', 'type': 'MARKET', 'quantity': 0.001, 'timestamp': 1776760638631, 'signature': 'e3876b91820b81b7bd512bb02b0236423bc8852ecd4823feeaad707b937dae32'}
2026-04-21 14:07:19  [DEBUG   ]  trading_bot.client  ← HTTP 401  body={"code":-2015,"msg":"Invalid API-key, IP, or permissions for action"}
2026-04-21 14:07:19  [ERROR   ]  trading_bot.client  API error -2015: Invalid API-key, IP, or permissions for action
2026-04-21 14:07:19  [ERROR   ]  trading_bot  API error placing order: code=-2015 msg=Invalid API-key, IP, or permissions for action
2026-04-21 14:24:13  [INFO    ]  trading_bot  Submitting order | symbol=BTCUSDT side=BUY type=MARKET qty=0.001 price=None
2026-04-21 14:24:13  [INFO    ]  trading_bot.orders  Placing MARKET BUY order | symbol=BTCUSDT qty=0.001
2026-04-21 14:24:13  [DEBUG   ]  trading_bot.client  → POST https://demo-fapi.binance.com/fapi/v1/order  params={'symbol': 'BTCUSDT', 'side': 'BUY', 'type': 'MARKET', 'quantity': 0.001, 'timestamp': 1776761653475, 'signature': 'c3073759bf9b3efda281b5f0ee4180af507920d805db3efd14f2df949342ffe2'}
2026-04-21 14:24:14  [DEBUG   ]  trading_bot.client  ← HTTP 401  body={"code":-2015,"msg":"Invalid API-key, IP, or permissions for action"}
2026-04-21 14:24:14  [ERROR   ]  trading_bot.client  API error -2015: Invalid API-key, IP, or permissions for action
2026-04-21 14:24:14  [ERROR   ]  trading_bot  API error placing order: code=-2015 msg=Invalid API-key, IP, or permissions for action
2026-04-21 14:40:05  [INFO    ]  trading_bot  Submitting order | symbol=BTCUSDT side=BUY type=MARKET qty=0.001 price=None
2026-04-21 14:40:05  [INFO    ]  trading_bot.orders  Placing MARKET BUY order | symbol=BTCUSDT qty=0.001
2026-04-21 14:40:05  [DEBUG   ]  trading_bot.client  → POST https://demo-fapi.binance.com/fapi/v1/order  params={'symbol': 'BTCUSDT', 'side': 'BUY', 'type': 'MARKET', 'quantity': 0.001, 'timestamp': 1776762605397, 'signature': '7137e8cea4358c208858edca52c85a4504f62de130fb4e1b23fa4352a80a374c'}
2026-04-21 14:40:06  [DEBUG   ]  trading_bot.client  ← HTTP 200  body={"orderId":13057093602,"symbol":"BTCUSDT","status":"NEW","clientOrderId":"MaXgkFGUoZmQ0IYEnuosZT","price":"0.00","avgPrice":"0.00","origQty":"0.0010","executedQty":"0.0000","cumQty":"0.0000","cumQuote":"0.000000","timeInForce":"GTC","type":"MARKET","reduceOnly":false,"closePosition":false,"side":"BUY","positionSide":"BOTH","stopPrice":"0.00","workingType":"CONTRACT_PRICE","priceProtect":false,"origType":"MARKET","priceMatch":"NONE","selfTradePreventionMode":"EXPIRE_MAKER","goodTillDate":0,"updat
2026-04-21 14:40:06  [INFO    ]  trading_bot.orders  MARKET order placed successfully | {'orderId': 13057093602, 'symbol': 'BTCUSDT', 'side': 'BUY', 'type': 'MARKET', 'origQty': '0.0010', 'executedQty': '0.0000', 'avgPrice': '0.00', 'price': '0.00', 'stopPrice': '0.00', 'status': 'NEW', 'timeInForce': 'GTC'}
2026-04-21 14:40:06  [INFO    ]  trading_bot  Order completed | orderId=13057093602 status=NEW
2026-04-21 14:42:19  [INFO    ]  trading_bot  Submitting order | symbol=BTCUSDT side=BUY type=MARKET qty=0.001 price=None
2026-04-21 14:42:19  [INFO    ]  trading_bot.orders  Placing MARKET BUY order | symbol=BTCUSDT qty=0.001
2026-04-21 14:42:19  [DEBUG   ]  trading_bot.client  → POST https://demo-fapi.binance.com/fapi/v1/order  params={'symbol': 'BTCUSDT', 'side': 'BUY', 'type': 'MARKET', 'quantity': 0.001, 'timestamp': 1776762739618, 'signature': 'da961f6f9e8ff1ce6d8b872c3de8685f002b3aa8c78a110f3f875d73408916fc'}
2026-04-21 14:42:20  [DEBUG   ]  trading_bot.client  ← HTTP 200  body={"orderId":13057097871,"symbol":"BTCUSDT","status":"NEW","clientOrderId":"UIwhh8btYz6PPDlpik1GxP","price":"0.00","avgPrice":"0.00","origQty":"0.0010","executedQty":"0.0000","cumQty":"0.0000","cumQuote":"0.000000","timeInForce":"GTC","type":"MARKET","reduceOnly":false,"closePosition":false,"side":"BUY","positionSide":"BOTH","stopPrice":"0.00","workingType":"CONTRACT_PRICE","priceProtect":false,"origType":"MARKET","priceMatch":"NONE","selfTradePreventionMode":"EXPIRE_MAKER","goodTillDate":0,"updat
2026-04-21 14:42:20  [INFO    ]  trading_bot.orders  MARKET order placed successfully | {'orderId': 13057097871, 'symbol': 'BTCUSDT', 'side': 'BUY', 'type': 'MARKET', 'origQty': '0.0010', 'executedQty': '0.0000', 'avgPrice': '0.00', 'price': '0.00', 'stopPrice': '0.00', 'status': 'NEW', 'timeInForce': 'GTC'}
2026-04-21 14:42:20  [INFO    ]  trading_bot  Order completed | orderId=13057097871 status=NEW
2026-04-21 16:27:10  [INFO    ]  trading_bot  Submitting order | symbol=BTCUSDT side=BUY type=MARKET qty=0.001 price=None
2026-04-21 16:27:10  [INFO    ]  trading_bot.orders  Placing MARKET BUY order | symbol=BTCUSDT qty=0.001
2026-04-21 16:27:10  [DEBUG   ]  trading_bot.client  → POST https://demo-fapi.binance.com/fapi/v1/order  params={'symbol': 'BTCUSDT', 'side': 'BUY', 'type': 'MARKET', 'quantity': 0.001, 'timestamp': 1776769030795, 'signature': 'b65c8a46675603c3bfb102262896f76574815269394f11a8ee1b0398eb952bd8'}
2026-04-21 16:27:11  [DEBUG   ]  trading_bot.client  ← HTTP 200  body={"orderId":13057381958,"symbol":"BTCUSDT","status":"NEW","clientOrderId":"KXRSISWZD9LsIycI637e4Z","price":"0.00","avgPrice":"0.00","origQty":"0.0010","executedQty":"0.0000","cumQty":"0.0000","cumQuote":"0.000000","timeInForce":"GTC","type":"MARKET","reduceOnly":false,"closePosition":false,"side":"BUY","positionSide":"BOTH","stopPrice":"0.00","workingType":"CONTRACT_PRICE","priceProtect":false,"origType":"MARKET","priceMatch":"NONE","selfTradePreventionMode":"EXPIRE_MAKER","goodTillDate":0,"updat
2026-04-21 16:27:11  [INFO    ]  trading_bot.orders  MARKET order placed successfully | {'orderId': 13057381958, 'symbol': 'BTCUSDT', 'side': 'BUY', 'type': 'MARKET', 'origQty': '0.0010', 'executedQty': '0.0000', 'avgPrice': '0.00', 'price': '0.00', 'stopPrice': '0.00', 'status': 'NEW', 'timeInForce': 'GTC'}
2026-04-21 16:27:11  [INFO    ]  trading_bot  Order completed | orderId=13057381958 status=NEW
